<?xml version="1.0" encoding="UTF-8"?>
<!-- Generated by org.testng.reporters.JUnitXMLReporter -->
<testsuite hostname="LAPTOP-FEH6GICC" ignored="0" name="Default test" tests="10" failures="0" timestamp="08 Oct 2019 15:49:24 GMT" time="237.397" errors="0">
  <testcase name="verifyAccountCreationTest" time="0.073" classname="com.store.qa.testcases.SignUpSectionTest"/>
  <testcase name="loginTestCase1" time="2.588" classname="com.store.qa.testcases.Task2LoginProcessTest"/>
  <testcase name="loginTestCase2" time="21.637" classname="com.store.qa.testcases.Task2LoginProcessTest"/>
  <testcase name="loginTestCase3" time="22.734" classname="com.store.qa.testcases.Task2LoginProcessTest"/>
  <testcase name="loginTestCase4" time="22.171" classname="com.store.qa.testcases.Task2LoginProcessTest"/>
  <testcase name="loginTestCase5" time="22.491" classname="com.store.qa.testcases.Task2LoginProcessTest"/>
  <testcase name="loginTestCase6" time="2.889" classname="com.store.qa.testcases.Task2LoginProcessTest"/>
  <testcase name="loginTestCase7" time="3.611" classname="com.store.qa.testcases.Task2LoginProcessTest"/>
  <testcase name="loginTestCase8" time="1.226" classname="com.store.qa.testcases.Task2LoginProcessTest"/>
  <testcase name="loginTestCase9" time="5.338" classname="com.store.qa.testcases.Task2LoginProcessTest"/>
</testsuite> <!-- Default test -->
